<?xml version="1.0" encoding="UTF-8"?>
<!-- Generated by org.testng.reporters.JUnitReportReporter -->
<testsuite hostname="DFW2LPTSFH9" name="com.norwex.pws.PwsCreate" tests="1" failures="0" timestamp="23 Feb 2016 18:07:24 GMT" time="67.046" errors="0">
  <testcase name="SignUp" time="67.046" classname="com.norwex.pws.PwsCreate"/>
</testsuite> <!-- com.norwex.pws.PwsCreate -->
