<?xml version="1.0" encoding="UTF-8"?>
<!-- Generated by org.testng.reporters.JUnitReportReporter -->
<testsuite hostname="DFW2LPTSFH9" name="com.norwex.nco.Enrollment_US" tests="1" failures="0" timestamp="21 Mar 2016 19:58:16 GMT" time="41.410" errors="0">
  <testcase name="SignUp" time="41.410" classname="com.norwex.nco.Enrollment_US"/>
</testsuite> <!-- com.norwex.nco.Enrollment_US -->
