<?xml version="1.0" encoding="UTF-8"?>
<!-- Generated by org.testng.reporters.JUnitReportReporter -->
<testsuite hostname="DFW2LPTSFH9" name="com.norwex.pcs.PIL" tests="6" failures="0" timestamp="11 Feb 2016 14:42:44 GMT" time="68.413" errors="0">
  <testcase name="EditQuantity" time="10.206" classname="com.norwex.pcs.PIL"/>
  <testcase name="NavigateToPIL" time="0.281" classname="com.norwex.pcs.PIL"/>
  <testcase name="CompleteOrder" time="12.342" classname="com.norwex.pcs.PIL"/>
  <testcase name="AddOrders" time="32.819" classname="com.norwex.pcs.PIL"/>
  <testcase name="DisplaySummary" time="0.378" classname="com.norwex.pcs.PIL"/>
  <testcase name="DeleteItem" time="12.387" classname="com.norwex.pcs.PIL"/>
</testsuite> <!-- com.norwex.pcs.PIL -->
