<?xml version="1.0" encoding="UTF-8"?>
<!-- Generated by org.testng.reporters.JUnitReportReporter -->
<testsuite hostname="DFW2LPTSFH9" name="com.norwex.nco.Contacts" tests="5" failures="0" timestamp="18 Feb 2016 19:41:15 GMT" time="56.231" errors="0">
  <testcase name="AddNewContact" time="16.960" classname="com.norwex.nco.Contacts"/>
  <testcase name="VerifyContactSaved" time="2.022" classname="com.norwex.nco.Contacts"/>
  <testcase name="Contactdelete" time="11.300" classname="com.norwex.nco.Contacts"/>
  <testcase name="Navigate" time="2.193" classname="com.norwex.nco.Contacts"/>
  <testcase name="Findcontact" time="23.756" classname="com.norwex.nco.Contacts"/>
</testsuite> <!-- com.norwex.nco.Contacts -->
