<?xml version="1.0" encoding="UTF-8"?>
<!-- Generated by org.testng.reporters.JUnitReportReporter -->
<testsuite hostname="DFW2LPTSFH9" name="com.norwex.pws.PwsContactme" tests="1" failures="0" timestamp="11 Feb 2016 14:42:44 GMT" time="10.590" errors="0">
  <testcase name="ContactForm" time="10.590" classname="com.norwex.pws.PwsContactme"/>
</testsuite> <!-- com.norwex.pws.PwsContactme -->
