<?xml version="1.0" encoding="UTF-8"?>
<!-- Generated by org.testng.reporters.JUnitReportReporter -->
<testsuite hostname="DFW2LPTSFH9" name="com.norwex.nco.Enrollment_CA" tests="2" failures="0" timestamp="12 Feb 2016 19:38:56 GMT" time="57.238" errors="0">
  <testcase name="Payment" time="11.318" classname="com.norwex.nco.Enrollment_CA"/>
  <testcase name="SignUp" time="45.920" classname="com.norwex.nco.Enrollment_CA"/>
</testsuite> <!-- com.norwex.nco.Enrollment_CA -->
