<?xml version="1.0" encoding="UTF-8"?>
<!-- Generated by org.testng.reporters.JUnitReportReporter -->
<testsuite hostname="DFW2LPTSFH9" name="com.norwex.pws.PwsLogins" tests="2" failures="0" timestamp="2 Mar 2016 18:15:28 GMT" time="25.983" errors="0">
  <testcase name="ConsultantLogin" time="7.895" classname="com.norwex.pws.PwsLogins"/>
  <testcase name="CustomerLogin" time="18.088" classname="com.norwex.pws.PwsLogins"/>
</testsuite> <!-- com.norwex.pws.PwsLogins -->
