<?xml version="1.0" encoding="UTF-8"?>
<!-- Generated by org.testng.reporters.JUnitReportReporter -->
<testsuite hostname="DFW2LPTSFH9" name="com.norwex.pws.PwsCreate" tests="3" failures="0" timestamp="10 Mar 2016 18:05:42 GMT" time="69.463" errors="0">
  <testcase name="CreateAccount" time="29.675" classname="com.norwex.pws.PwsCreate"/>
  <testcase name="CustomerLogin" time="24.124" classname="com.norwex.pws.PwsCreate"/>
  <testcase name="ConsultantLogin" time="15.664" classname="com.norwex.pws.PwsCreate"/>
</testsuite> <!-- com.norwex.pws.PwsCreate -->
