<?xml version="1.0" encoding="UTF-8"?>
<!-- Generated by org.testng.reporters.JUnitReportReporter -->
<testsuite hostname="DFW2LPTSFH9" name="com.norwex.nco.Reports" tests="4" failures="0" timestamp="24 Mar 2016 14:02:15 GMT" time="33.140" errors="0">
  <testcase name="ProductSales" time="12.834" classname="com.norwex.nco.Reports"/>
  <testcase name="Navigate" time="0.648" classname="com.norwex.nco.Reports"/>
  <testcase name="CustomerSales" time="9.249" classname="com.norwex.nco.Reports"/>
  <testcase name="SkuReport" time="10.409" classname="com.norwex.nco.Reports"/>
</testsuite> <!-- com.norwex.nco.Reports -->
