<?xml version="1.0" encoding="UTF-8"?>
<!-- Generated by org.testng.reporters.JUnitReportReporter -->
<testsuite hostname="DFW2LPTSFH9" name="com.norwex.pws.PwsLogins" tests="2" failures="0" timestamp="10 Mar 2016 17:44:30 GMT" time="27.680" errors="0">
  <testcase name="ConsultantLogin" time="7.245" classname="com.norwex.pws.PwsLogins"/>
  <testcase name="CustomerLogin" time="20.435" classname="com.norwex.pws.PwsLogins"/>
</testsuite> <!-- com.norwex.pws.PwsLogins -->
