<?xml version="1.0" encoding="UTF-8"?>
<!-- Generated by org.testng.reporters.JUnitReportReporter -->
<testsuite hostname="DFW2LPTSFH9" name="com.norwex.nco.Contacts" tests="5" failures="0" timestamp="11 Feb 2016 19:19:25 GMT" time="58.176" errors="0">
  <testcase name="AddNewContact" time="16.766" classname="com.norwex.nco.Contacts"/>
  <testcase name="VerifyContactSaved" time="2.019" classname="com.norwex.nco.Contacts"/>
  <testcase name="Findcontact" time="25.627" classname="com.norwex.nco.Contacts"/>
  <testcase name="Navigate" time="2.260" classname="com.norwex.nco.Contacts"/>
  <testcase name="Contactdelete" time="11.504" classname="com.norwex.nco.Contacts"/>
</testsuite> <!-- com.norwex.nco.Contacts -->
