<?xml version="1.0" encoding="UTF-8"?>
<!-- Generated by org.testng.reporters.JUnitReportReporter -->
<testsuite hostname="DFW2LPTSFH9" name="com.norwex.nco.Enrollment_CA" tests="2" failures="0" timestamp="8 Mar 2016 18:21:54 GMT" time="64.033" errors="0">
  <testcase name="SignUp" time="52.863" classname="com.norwex.nco.Enrollment_CA"/>
  <testcase name="Payment" time="11.170" classname="com.norwex.nco.Enrollment_CA"/>
</testsuite> <!-- com.norwex.nco.Enrollment_CA -->
