<?xml version="1.0" encoding="UTF-8"?>
<!-- Generated by org.testng.reporters.JUnitReportReporter -->
<testsuite hostname="DFW2LPTSFH9" name="com.norwex.nco.Enrollment_US" tests="1" failures="0" timestamp="11 Feb 2016 14:42:44 GMT" time="57.918" errors="0">
  <testcase name="SignUp" time="57.918" classname="com.norwex.nco.Enrollment_US"/>
</testsuite> <!-- com.norwex.nco.Enrollment_US -->
