<?xml version="1.0" encoding="UTF-8"?>
<!-- Generated by org.testng.reporters.JUnitReportReporter -->
<testsuite hostname="DFW2LPTSFH9" name="com.norwex.pcs.PIL" tests="6" failures="0" timestamp="18 Feb 2016 19:51:36 GMT" time="71.686" errors="0">
  <testcase name="CompleteOrder" time="15.814" classname="com.norwex.pcs.PIL"/>
  <testcase name="EditQuantity" time="10.654" classname="com.norwex.pcs.PIL"/>
  <testcase name="AddOrders" time="32.506" classname="com.norwex.pcs.PIL"/>
  <testcase name="DeleteItem" time="11.950" classname="com.norwex.pcs.PIL"/>
  <testcase name="NavigateToPIL" time="0.291" classname="com.norwex.pcs.PIL"/>
  <testcase name="DisplaySummary" time="0.471" classname="com.norwex.pcs.PIL"/>
</testsuite> <!-- com.norwex.pcs.PIL -->
