<?xml version="1.0" encoding="UTF-8"?>
<!-- Generated by org.testng.reporters.JUnitReportReporter -->
<testsuite hostname="DFW2LPTSFH9" name="com.norwex.nco.Enrollment_CA" tests="2" failures="0" timestamp="15 Feb 2016 03:09:33 GMT" time="74.583" errors="0">
  <testcase name="Payment" time="17.641" classname="com.norwex.nco.Enrollment_CA"/>
  <testcase name="SignUp" time="56.942" classname="com.norwex.nco.Enrollment_CA"/>
</testsuite> <!-- com.norwex.nco.Enrollment_CA -->
