<?xml version="1.0" encoding="UTF-8"?>
<!-- Generated by org.testng.reporters.JUnitReportReporter -->
<testsuite hostname="DFW2LPTSFH9" name="com.norwex.pws.PwsCreate" tests="1" failures="0" timestamp="11 Feb 2016 14:42:44 GMT" time="36.778" errors="0">
  <testcase name="SignUp" time="36.778" classname="com.norwex.pws.PwsCreate"/>
</testsuite> <!-- com.norwex.pws.PwsCreate -->
