<?xml version="1.0" encoding="UTF-8"?>
<!-- Generated by org.testng.reporters.JUnitReportReporter -->
<testsuite hostname="DFW2LPTSFH9" name="com.norwex.nco.A_Party" tests="11" failures="0" timestamp="23 Feb 2016 14:54:28 GMT" time="282.768" errors="0">
  <testcase name="addGuestOrders" time="86.153" classname="com.norwex.nco.A_Party"/>
  <testcase name="HostPlanSummary" time="0.801" classname="com.norwex.nco.A_Party"/>
  <testcase name="ReviewBookings" time="29.452" classname="com.norwex.nco.A_Party"/>
  <testcase name="FinalPayment" time="24.600" classname="com.norwex.nco.A_Party"/>
  <testcase name="addHostOrder" time="15.558" classname="com.norwex.nco.A_Party"/>
  <testcase name="addGuests" time="59.029" classname="com.norwex.nco.A_Party"/>
  <testcase name="VerifySummary" time="0.001" classname="com.norwex.nco.A_Party"/>
  <testcase name="ConfirmShipping" time="9.384" classname="com.norwex.nco.A_Party"/>
  <testcase name="UpdateGuestOrders" time="33.354" classname="com.norwex.nco.A_Party"/>
  <testcase name="NavigateToPartyPage" time="0.286" classname="com.norwex.nco.A_Party"/>
  <testcase name="createParty" time="24.150" classname="com.norwex.nco.A_Party"/>
</testsuite> <!-- com.norwex.nco.A_Party -->
