<?xml version="1.0" encoding="UTF-8"?>
<!-- Generated by org.testng.reporters.JUnitReportReporter -->
<testsuite hostname="DFW2LPTSFH9" name="com.norwex.nco.Reports" tests="4" failures="0" timestamp="14 Mar 2016 17:01:32 GMT" time="26.909" errors="0">
  <testcase name="Navigate" time="0.085" classname="com.norwex.nco.Reports"/>
  <testcase name="ProductSales" time="12.473" classname="com.norwex.nco.Reports"/>
  <testcase name="SkuReport" time="6.965" classname="com.norwex.nco.Reports"/>
  <testcase name="CustomerSales" time="7.386" classname="com.norwex.nco.Reports"/>
</testsuite> <!-- com.norwex.nco.Reports -->
