<?xml version="1.0" encoding="UTF-8"?>
<!-- Generated by org.testng.reporters.JUnitReportReporter -->
<testsuite hostname="DFW2LPTSFH9" name="com.norwex.nco.A_Party" tests="11" failures="0" timestamp="22 Feb 2016 12:44:08 GMT" time="314.328" errors="0">
  <testcase name="addGuestOrders" time="83.535" classname="com.norwex.nco.A_Party"/>
  <testcase name="HostPlanSummary" time="0.652" classname="com.norwex.nco.A_Party"/>
  <testcase name="ReviewBookings" time="31.101" classname="com.norwex.nco.A_Party"/>
  <testcase name="FinalPayment" time="27.200" classname="com.norwex.nco.A_Party"/>
  <testcase name="addHostOrder" time="14.751" classname="com.norwex.nco.A_Party"/>
  <testcase name="addGuests" time="75.460" classname="com.norwex.nco.A_Party"/>
  <testcase name="VerifySummary" time="0.000" classname="com.norwex.nco.A_Party"/>
  <testcase name="ConfirmShipping" time="11.584" classname="com.norwex.nco.A_Party"/>
  <testcase name="UpdateGuestOrders" time="35.321" classname="com.norwex.nco.A_Party"/>
  <testcase name="NavigateToPartyPage" time="1.487" classname="com.norwex.nco.A_Party"/>
  <testcase name="createParty" time="33.237" classname="com.norwex.nco.A_Party"/>
</testsuite> <!-- com.norwex.nco.A_Party -->
