<?xml version="1.0" encoding="UTF-8"?>
<!-- Generated by org.testng.reporters.JUnitReportReporter -->
<testsuite hostname="DFW2LPTSFH9" name="com.norwex.pcs.CustomerOrder" tests="7" failures="0" timestamp="19 Feb 2016 17:14:04 GMT" time="104.383" errors="0">
  <testcase name="EditOrders" time="18.751" classname="com.norwex.pcs.CustomerOrder"/>
  <testcase name="UpdateContactInfo" time="16.273" classname="com.norwex.pcs.CustomerOrder"/>
  <testcase name="SubmitPayment" time="16.420" classname="com.norwex.pcs.CustomerOrder"/>
  <testcase name="NavigateToShoppingSpree" time="0.254" classname="com.norwex.pcs.CustomerOrder"/>
  <testcase name="DeletePay" time="24.330" classname="com.norwex.pcs.CustomerOrder"/>
  <testcase name="AddOrders" time="20.527" classname="com.norwex.pcs.CustomerOrder"/>
  <testcase name="CompleteOrder" time="7.828" classname="com.norwex.pcs.CustomerOrder"/>
</testsuite> <!-- com.norwex.pcs.CustomerOrder -->
