<?xml version="1.0" encoding="UTF-8"?>
<!-- Generated by org.testng.reporters.JUnitReportReporter -->
<testsuite hostname="DFW2LPTSFH9" name="com.norwex.nco.Reports" tests="4" failures="0" timestamp="9 Mar 2016 16:34:29 GMT" time="25.528" errors="0">
  <testcase name="Navigate" time="0.089" classname="com.norwex.nco.Reports"/>
  <testcase name="SkuReport" time="6.840" classname="com.norwex.nco.Reports"/>
  <testcase name="ProductSales" time="11.826" classname="com.norwex.nco.Reports"/>
  <testcase name="CustomerSales" time="6.773" classname="com.norwex.nco.Reports"/>
</testsuite> <!-- com.norwex.nco.Reports -->
