<?xml version="1.0" encoding="UTF-8"?>
<!-- Generated by org.testng.reporters.JUnitReportReporter -->
<testsuite hostname="DFW2LPTSFH9" name="com.norwex.pcs.CustomerOrder" tests="7" failures="0" timestamp="3 Mar 2016 20:22:02 GMT" time="116.361" errors="0">
  <testcase name="DeletePay" time="22.218" classname="com.norwex.pcs.CustomerOrder"/>
  <testcase name="UpdateContactInfo" time="17.776" classname="com.norwex.pcs.CustomerOrder"/>
  <testcase name="Navigate" time="4.606" classname="com.norwex.pcs.CustomerOrder"/>
  <testcase name="SubmitPayment" time="16.502" classname="com.norwex.pcs.CustomerOrder"/>
  <testcase name="AddOrders" time="21.398" classname="com.norwex.pcs.CustomerOrder"/>
  <testcase name="EditOrders" time="25.057" classname="com.norwex.pcs.CustomerOrder"/>
  <testcase name="CompleteOrder" time="8.804" classname="com.norwex.pcs.CustomerOrder"/>
</testsuite> <!-- com.norwex.pcs.CustomerOrder -->
