<?xml version="1.0" encoding="UTF-8"?>
<!-- Generated by org.testng.reporters.JUnitReportReporter -->
<testsuite hostname="DFW2LPTSFH9" name="com.norwex.nco.Enrollment_US" tests="1" failures="0" timestamp="2 Mar 2016 14:58:33 GMT" time="45.244" errors="0">
  <testcase name="SignUp" time="45.244" classname="com.norwex.nco.Enrollment_US"/>
</testsuite> <!-- com.norwex.nco.Enrollment_US -->
