<?xml version="1.0" encoding="UTF-8"?>
<!-- Generated by org.testng.reporters.JUnitReportReporter -->
<testsuite hostname="DFW2LPTSFH9" name="com.norwex.pcs.CustomerOrder" tests="7" failures="0" timestamp="21 Mar 2016 19:58:15 GMT" time="85.664" errors="0">
  <testcase name="CompleteOrder" time="6.596" classname="com.norwex.pcs.CustomerOrder"/>
  <testcase name="Navigate" time="4.098" classname="com.norwex.pcs.CustomerOrder"/>
  <testcase name="AddOrders" time="18.228" classname="com.norwex.pcs.CustomerOrder"/>
  <testcase name="EditOrders" time="18.487" classname="com.norwex.pcs.CustomerOrder"/>
  <testcase name="DeletePay" time="14.456" classname="com.norwex.pcs.CustomerOrder"/>
  <testcase name="SubmitPayment" time="11.621" classname="com.norwex.pcs.CustomerOrder"/>
  <testcase name="UpdateContactInfo" time="12.178" classname="com.norwex.pcs.CustomerOrder"/>
</testsuite> <!-- com.norwex.pcs.CustomerOrder -->
