<?xml version="1.0" encoding="UTF-8"?>
<!-- Generated by org.testng.reporters.JUnitReportReporter -->
<testsuite hostname="DFW2LPTSFH9" name="com.norwex.nco.Financial" tests="2" failures="0" timestamp="11 Feb 2016 14:42:44 GMT" time="12.766" errors="0">
  <testcase name="NavigateToFinance" time="0.339" classname="com.norwex.nco.Financial"/>
  <testcase name="AddBankAccount" time="12.427" classname="com.norwex.nco.Financial"/>
</testsuite> <!-- com.norwex.nco.Financial -->
