<?xml version="1.0" encoding="UTF-8"?>
<!-- Generated by org.testng.reporters.JUnitReportReporter -->
<testsuite hostname="DFW2LPTSFH9" name="com.norwex.pcs.CustomerOrder" tests="7" failures="0" timestamp="29 Feb 2016 18:37:22 GMT" time="69.284" errors="0">
  <testcase name="EditOrders" time="8.899" classname="com.norwex.pcs.CustomerOrder"/>
  <testcase name="UpdateContactInfo" time="11.349" classname="com.norwex.pcs.CustomerOrder"/>
  <testcase name="CompleteOrder" time="5.707" classname="com.norwex.pcs.CustomerOrder"/>
  <testcase name="NavigateToShoppingSpree" time="5.067" classname="com.norwex.pcs.CustomerOrder"/>
  <testcase name="AddOrders" time="16.469" classname="com.norwex.pcs.CustomerOrder"/>
  <testcase name="SubmitPayment" time="9.003" classname="com.norwex.pcs.CustomerOrder"/>
  <testcase name="DeletePay" time="12.790" classname="com.norwex.pcs.CustomerOrder"/>
</testsuite> <!-- com.norwex.pcs.CustomerOrder -->
