<?xml version="1.0" encoding="UTF-8"?>
<!-- Generated by org.testng.reporters.JUnitReportReporter -->
<testsuite hostname="DFW2LPTSFH9" name="com.norwex.nco.Reports" tests="4" failures="0" timestamp="23 Feb 2016 21:12:54 GMT" time="24.778" errors="0">
  <testcase name="ProductSales" time="11.121" classname="com.norwex.nco.Reports"/>
  <testcase name="Navigate" time="0.187" classname="com.norwex.nco.Reports"/>
  <testcase name="SkuReport" time="6.862" classname="com.norwex.nco.Reports"/>
  <testcase name="CustomerSales" time="6.608" classname="com.norwex.nco.Reports"/>
</testsuite> <!-- com.norwex.nco.Reports -->
