<?xml version="1.0" encoding="UTF-8"?>
<!-- Generated by org.testng.reporters.JUnitReportReporter -->
<testsuite hostname="DFW2LPTSFH9" name="com.norwex.nco.Contacts" tests="5" failures="0" timestamp="19 Feb 2016 21:49:50 GMT" time="72.480" errors="0">
  <testcase name="AddNewContact" time="22.608" classname="com.norwex.nco.Contacts"/>
  <testcase name="VerifyContactSaved" time="2.019" classname="com.norwex.nco.Contacts"/>
  <testcase name="Contactdelete" time="14.869" classname="com.norwex.nco.Contacts"/>
  <testcase name="Navigate" time="2.253" classname="com.norwex.nco.Contacts"/>
  <testcase name="Findcontact" time="30.731" classname="com.norwex.nco.Contacts"/>
</testsuite> <!-- com.norwex.nco.Contacts -->
