<?xml version="1.0" encoding="UTF-8"?>
<!-- Generated by org.testng.reporters.JUnitReportReporter -->
<testsuite hostname="DFW2LPTSFH9" name="com.norwex.pcs.PIL" tests="6" failures="0" timestamp="16 Feb 2016 16:37:47 GMT" time="70.719" errors="0">
  <testcase name="AddOrders" time="31.275" classname="com.norwex.pcs.PIL"/>
  <testcase name="NavigateToPIL" time="0.386" classname="com.norwex.pcs.PIL"/>
  <testcase name="EditQuantity" time="10.102" classname="com.norwex.pcs.PIL"/>
  <testcase name="CompleteOrder" time="16.289" classname="com.norwex.pcs.PIL"/>
  <testcase name="DisplaySummary" time="0.207" classname="com.norwex.pcs.PIL"/>
  <testcase name="DeleteItem" time="12.460" classname="com.norwex.pcs.PIL"/>
</testsuite> <!-- com.norwex.pcs.PIL -->
