<?xml version="1.0" encoding="UTF-8"?>
<!-- Generated by org.testng.reporters.JUnitReportReporter -->
<testsuite hostname="DFW2LPTSFH9" name="com.norwex.pcs.ShoppingSpree" tests="5" failures="0" timestamp="12 Feb 2016 19:38:56 GMT" time="42.415" errors="0">
  <testcase name="CompleteOrder" time="7.219" classname="com.norwex.pcs.ShoppingSpree"/>
  <testcase name="AddOrders" time="15.093" classname="com.norwex.pcs.ShoppingSpree"/>
  <testcase name="NavigateToShoppingSpree" time="0.416" classname="com.norwex.pcs.ShoppingSpree"/>
  <testcase name="EditQuantity" time="10.437" classname="com.norwex.pcs.ShoppingSpree"/>
  <testcase name="DeleteItem" time="9.250" classname="com.norwex.pcs.ShoppingSpree"/>
</testsuite> <!-- com.norwex.pcs.ShoppingSpree -->
