<?xml version="1.0" encoding="UTF-8"?>
<!-- Generated by org.testng.reporters.JUnitReportReporter -->
<testsuite hostname="DFW2LPTSFH9" name="com.norwex.nco.Reports" tests="4" failures="0" timestamp="1 Mar 2016 17:23:08 GMT" time="25.141" errors="0">
  <testcase name="Navigate" time="0.080" classname="com.norwex.nco.Reports"/>
  <testcase name="SkuReport" time="6.642" classname="com.norwex.nco.Reports"/>
  <testcase name="ProductSales" time="11.595" classname="com.norwex.nco.Reports"/>
  <testcase name="CustomerSales" time="6.824" classname="com.norwex.nco.Reports"/>
</testsuite> <!-- com.norwex.nco.Reports -->
