<?xml version="1.0" encoding="UTF-8"?>
<!-- Generated by org.testng.reporters.JUnitReportReporter -->
<testsuite hostname="DFW2LPTSFH9" name="com.norwex.pcs.ShoppingSpree" tests="5" failures="0" timestamp="11 Feb 2016 14:42:44 GMT" time="43.396" errors="0">
  <testcase name="CompleteOrder" time="7.501" classname="com.norwex.pcs.ShoppingSpree"/>
  <testcase name="DeleteItem" time="9.728" classname="com.norwex.pcs.ShoppingSpree"/>
  <testcase name="NavigateToShoppingSpree" time="0.430" classname="com.norwex.pcs.ShoppingSpree"/>
  <testcase name="EditQuantity" time="10.341" classname="com.norwex.pcs.ShoppingSpree"/>
  <testcase name="AddOrders" time="15.396" classname="com.norwex.pcs.ShoppingSpree"/>
</testsuite> <!-- com.norwex.pcs.ShoppingSpree -->
