<?xml version="1.0" encoding="UTF-8"?>
<!-- Generated by org.testng.reporters.JUnitReportReporter -->
<testsuite hostname="DFW2LPTSFH9" name="com.norwex.nco.Enrollment_CA" tests="2" failures="0" timestamp="21 Mar 2016 19:58:16 GMT" time="45.251" errors="0">
  <testcase name="Payment" time="8.488" classname="com.norwex.nco.Enrollment_CA"/>
  <testcase name="SignUp" time="36.763" classname="com.norwex.nco.Enrollment_CA"/>
</testsuite> <!-- com.norwex.nco.Enrollment_CA -->
