<?xml version="1.0" encoding="UTF-8"?>
<!-- Generated by org.testng.reporters.JUnitReportReporter -->
<testsuite hostname="DFW2LPTSFH9" name="com.norwex.nco.Contacts" tests="5" failures="0" timestamp="23 Feb 2016 16:00:04 GMT" time="56.956" errors="0">
  <testcase name="Findcontact" time="24.540" classname="com.norwex.nco.Contacts"/>
  <testcase name="AddNewContact" time="18.746" classname="com.norwex.nco.Contacts"/>
  <testcase name="VerifyContactSaved" time="2.035" classname="com.norwex.nco.Contacts"/>
  <testcase name="Navigate" time="0.203" classname="com.norwex.nco.Contacts"/>
  <testcase name="Contactdelete" time="11.432" classname="com.norwex.nco.Contacts"/>
</testsuite> <!-- com.norwex.nco.Contacts -->
