<?xml version="1.0" encoding="UTF-8"?>
<!-- Generated by org.testng.reporters.JUnitReportReporter -->
<testsuite hostname="DFW2LPTSFH9" name="com.norwex.nco.Enrollment_CA" tests="2" failures="0" timestamp="2 Mar 2016 16:22:45 GMT" time="40.033" errors="0">
  <testcase name="SignUp" time="32.540" classname="com.norwex.nco.Enrollment_CA"/>
  <testcase name="Payment" time="7.493" classname="com.norwex.nco.Enrollment_CA"/>
</testsuite> <!-- com.norwex.nco.Enrollment_CA -->
