<?xml version="1.0" encoding="UTF-8"?>
<!-- Generated by org.testng.reporters.JUnitReportReporter -->
<testsuite hostname="DFW2LPTSFH9" name="com.norwex.pcs.ShoppingSpree" tests="5" failures="0" timestamp="16 Feb 2016 16:48:03 GMT" time="40.064" errors="0">
  <testcase name="NavigateToShoppingSpree" time="0.409" classname="com.norwex.pcs.ShoppingSpree"/>
  <testcase name="EditQuantity" time="10.133" classname="com.norwex.pcs.ShoppingSpree"/>
  <testcase name="AddOrders" time="14.211" classname="com.norwex.pcs.ShoppingSpree"/>
  <testcase name="DeleteItem" time="9.202" classname="com.norwex.pcs.ShoppingSpree"/>
  <testcase name="CompleteOrder" time="6.109" classname="com.norwex.pcs.ShoppingSpree"/>
</testsuite> <!-- com.norwex.pcs.ShoppingSpree -->
