<?xml version="1.0" encoding="UTF-8"?>
<!-- Generated by org.testng.reporters.JUnitReportReporter -->
<testsuite hostname="DFW2LPTSFH9" name="com.norwex.pws.PwsCreate" tests="1" failures="0" timestamp="22 Feb 2016 20:46:27 GMT" time="63.666" errors="0">
  <testcase name="SignUp" time="63.666" classname="com.norwex.pws.PwsCreate"/>
</testsuite> <!-- com.norwex.pws.PwsCreate -->
