<?xml version="1.0" encoding="UTF-8"?>
<!-- Generated by org.testng.reporters.JUnitReportReporter -->
<testsuite hostname="DFW2LPTSFH9" name="com.norwex.pcs.CustomerOrder" tests="7" failures="0" timestamp="10 Mar 2016 16:17:36 GMT" time="136.403" errors="0">
  <testcase name="UpdateContactInfo" time="24.668" classname="com.norwex.pcs.CustomerOrder"/>
  <testcase name="Navigate" time="5.131" classname="com.norwex.pcs.CustomerOrder"/>
  <testcase name="CompleteOrder" time="7.626" classname="com.norwex.pcs.CustomerOrder"/>
  <testcase name="AddOrders" time="32.008" classname="com.norwex.pcs.CustomerOrder"/>
  <testcase name="DeletePay" time="24.365" classname="com.norwex.pcs.CustomerOrder"/>
  <testcase name="EditOrders" time="26.540" classname="com.norwex.pcs.CustomerOrder"/>
  <testcase name="SubmitPayment" time="16.065" classname="com.norwex.pcs.CustomerOrder"/>
</testsuite> <!-- com.norwex.pcs.CustomerOrder -->
