<?xml version="1.0" encoding="UTF-8"?>
<!-- Generated by org.testng.reporters.JUnitReportReporter -->
<testsuite hostname="DFW2LPTSFH9" name="com.norwex.nco.Enrollment_CA" tests="2" failures="0" timestamp="16 Mar 2016 16:19:55 GMT" time="45.144" errors="0">
  <testcase name="SignUp" time="36.397" classname="com.norwex.nco.Enrollment_CA"/>
  <testcase name="Payment" time="8.747" classname="com.norwex.nco.Enrollment_CA"/>
</testsuite> <!-- com.norwex.nco.Enrollment_CA -->
