<?xml version="1.0" encoding="UTF-8"?>
<!-- Generated by org.testng.reporters.JUnitReportReporter -->
<testsuite hostname="DFW2LPTSFH9" name="com.norwex.nco.A_Party" tests="10" failures="0" timestamp="24 Mar 2016 14:02:15 GMT" time="182.197" errors="0">
  <testcase name="addGuestOrders" time="72.658" classname="com.norwex.nco.A_Party"/>
  <testcase name="createParty" time="19.929" classname="com.norwex.nco.A_Party"/>
  <testcase name="ReviewAndSubmit" time="12.673" classname="com.norwex.nco.A_Party"/>
  <testcase name="ConfirmShipping" time="6.555" classname="com.norwex.nco.A_Party"/>
  <testcase name="addGuests" time="29.996" classname="com.norwex.nco.A_Party"/>
  <testcase name="FinalSummary" time="0.660" classname="com.norwex.nco.A_Party"/>
  <testcase name="PayForOrders" time="6.399" classname="com.norwex.nco.A_Party"/>
  <testcase name="ReviewBookings" time="18.803" classname="com.norwex.nco.A_Party"/>
  <testcase name="addHostOrder" time="14.440" classname="com.norwex.nco.A_Party"/>
  <testcase name="NavigateToPartyPage" time="0.084" classname="com.norwex.nco.A_Party"/>
</testsuite> <!-- com.norwex.nco.A_Party -->
