<?xml version="1.0" encoding="UTF-8"?>
<!-- Generated by org.testng.reporters.JUnitReportReporter -->
<testsuite hostname="DFW2LPTSFH9" name="com.norwex.pws.PwsBasics" tests="2" failures="0" timestamp="24 Mar 2016 15:52:00 GMT" time="69.236" errors="0">
  <testcase name="ConsultantLogin" time="18.202" classname="com.norwex.pws.PwsBasics"/>
  <testcase name="CreateAccount" time="51.034" classname="com.norwex.pws.PwsBasics"/>
</testsuite> <!-- com.norwex.pws.PwsBasics -->
