<?xml version="1.0" encoding="UTF-8"?>
<!-- Generated by org.testng.reporters.JUnitReportReporter -->
<testsuite hostname="DFW2LPTSFH9" name="com.norwex.pcs.CustomerOrder" tests="7" failures="0" timestamp="9 Mar 2016 22:08:49 GMT" time="120.152" errors="0">
  <testcase name="UpdateContactInfo" time="16.352" classname="com.norwex.pcs.CustomerOrder"/>
  <testcase name="Navigate" time="4.126" classname="com.norwex.pcs.CustomerOrder"/>
  <testcase name="CompleteOrder" time="6.459" classname="com.norwex.pcs.CustomerOrder"/>
  <testcase name="AddOrders" time="20.450" classname="com.norwex.pcs.CustomerOrder"/>
  <testcase name="DeletePay" time="31.080" classname="com.norwex.pcs.CustomerOrder"/>
  <testcase name="EditOrders" time="23.073" classname="com.norwex.pcs.CustomerOrder"/>
  <testcase name="SubmitPayment" time="18.612" classname="com.norwex.pcs.CustomerOrder"/>
</testsuite> <!-- com.norwex.pcs.CustomerOrder -->
