<?xml version="1.0" encoding="UTF-8"?>
<!-- Generated by org.testng.reporters.JUnitReportReporter -->
<testsuite hostname="DFW2LPTSFH9" name="com.norwex.pws.PwsCreate" tests="1" failures="0" timestamp="18 Feb 2016 15:28:35 GMT" time="37.119" errors="0">
  <testcase name="SignUp" time="37.119" classname="com.norwex.pws.PwsCreate"/>
</testsuite> <!-- com.norwex.pws.PwsCreate -->
