<?xml version="1.0" encoding="UTF-8"?>
<!-- Generated by org.testng.reporters.JUnitReportReporter -->
<testsuite hostname="DFW2LPTSFH9" name="com.norwex.nco.Contacts" tests="5" failures="0" timestamp="12 Feb 2016 19:38:56 GMT" time="57.784" errors="0">
  <testcase name="Contactdelete" time="11.589" classname="com.norwex.nco.Contacts"/>
  <testcase name="Navigate" time="2.219" classname="com.norwex.nco.Contacts"/>
  <testcase name="VerifyContactSaved" time="2.021" classname="com.norwex.nco.Contacts"/>
  <testcase name="AddNewContact" time="16.955" classname="com.norwex.nco.Contacts"/>
  <testcase name="Findcontact" time="25.000" classname="com.norwex.nco.Contacts"/>
</testsuite> <!-- com.norwex.nco.Contacts -->
