<?xml version="1.0" encoding="UTF-8"?>
<!-- Generated by org.testng.reporters.JUnitReportReporter -->
<testsuite hostname="DFW2LPTSFH9" name="com.norwex.pws.PwsLogins" tests="2" failures="0" timestamp="9 Mar 2016 16:59:35 GMT" time="51.280" errors="0">
  <testcase name="ConsultantLogin" time="13.525" classname="com.norwex.pws.PwsLogins"/>
  <testcase name="CustomerLogin" time="37.755" classname="com.norwex.pws.PwsLogins"/>
</testsuite> <!-- com.norwex.pws.PwsLogins -->
