<?xml version="1.0" encoding="UTF-8"?>
<!-- Generated by org.testng.reporters.JUnitReportReporter -->
<testsuite hostname="DFW2LPTSFH9" name="com.norwex.nco.Enrollment_CA" tests="2" failures="0" timestamp="11 Feb 2016 19:13:42 GMT" time="68.188" errors="0">
  <testcase name="SignUp" time="56.733" classname="com.norwex.nco.Enrollment_CA"/>
  <testcase name="Payment" time="11.455" classname="com.norwex.nco.Enrollment_CA"/>
</testsuite> <!-- com.norwex.nco.Enrollment_CA -->
