<?xml version="1.0" encoding="UTF-8"?>
<!-- Generated by org.testng.reporters.JUnitReportReporter -->
<testsuite hostname="DFW2LPTSFH9" name="com.norwex.pcs.ShoppingSpree" tests="6" failures="0" timestamp="19 Feb 2016 17:06:48 GMT" time="61.426" errors="0">
  <testcase name="CompleteOrder" time="5.568" classname="com.norwex.pcs.ShoppingSpree"/>
  <testcase name="DeleteItem" time="11.457" classname="com.norwex.pcs.ShoppingSpree"/>
  <testcase name="EditQuantity" time="13.290" classname="com.norwex.pcs.ShoppingSpree"/>
  <testcase name="VerifyPdf" time="10.681" classname="com.norwex.pcs.ShoppingSpree"/>
  <testcase name="NavigateToShoppingSpree" time="0.814" classname="com.norwex.pcs.ShoppingSpree"/>
  <testcase name="AddOrders" time="19.616" classname="com.norwex.pcs.ShoppingSpree"/>
</testsuite> <!-- com.norwex.pcs.ShoppingSpree -->
