<?xml version="1.0" encoding="UTF-8"?>
<!-- Generated by org.testng.reporters.JUnitReportReporter -->
<testsuite hostname="DFW2LPTSFH9" name="com.norwex.nco.Contacts" tests="6" failures="0" timestamp="24 Mar 2016 14:02:15 GMT" time="65.117" errors="0">
  <testcase name="Navigate" time="2.100" classname="com.norwex.nco.Contacts"/>
  <testcase name="AddNewContact" time="14.795" classname="com.norwex.nco.Contacts"/>
  <testcase name="AttemptDuplicate" time="11.528" classname="com.norwex.nco.Contacts"/>
  <testcase name="VerifyContactSaved" time="2.017" classname="com.norwex.nco.Contacts"/>
  <testcase name="Contactdelete" time="11.986" classname="com.norwex.nco.Contacts"/>
  <testcase name="Findcontact" time="22.691" classname="com.norwex.nco.Contacts"/>
</testsuite> <!-- com.norwex.nco.Contacts -->
